<?xml version="1.0" encoding="UTF-8"?>
<testng-results ignored="0" total="1" passed="1" failed="0" skipped="0">
  <reporter-output>
  </reporter-output>
  <suite started-at="2024-04-17T22:21:21Z" name="Surefire suite" finished-at="2024-04-17T22:21:21Z" duration-ms="54">
    <groups>
    </groups>
    <test started-at="2024-04-17T22:21:21Z" name="Surefire test" finished-at="2024-04-17T22:21:21Z" duration-ms="54">
      <class name="com.trinity.Maven.TestCases">
        <test-method signature="m1()[pri:0, instance:com.trinity.Maven.TestCases@76a4d6c]" started-at="2024-04-17T22:21:21Z" name="m1" finished-at="2024-04-17T22:21:21Z" duration-ms="15" status="PASS">
          <reporter-output>
          </reporter-output>
        </test-method> <!-- m1 -->
      </class> <!-- com.trinity.Maven.TestCases -->
    </test> <!-- Surefire test -->
  </suite> <!-- Surefire suite -->
</testng-results>
